<?xml version="1.0" encoding="UTF-8"?>
<!-- Generated by org.testng.reporters.JUnitReportReporter -->
<testsuite hostname="DESKTOP-C4CLAPK" failures="0" tests="1" name="com.cdms.utility.ReadConfig" time="0.030" errors="0" timestamp="2023-08-08T10:22:58 IST" skipped="0">
  <testcase classname="com.cdms.utility.ReadConfig" name="tReadConfig" time="0.030"/>
</testsuite> <!-- com.cdms.utility.ReadConfig -->
