<?xml version="1.0" encoding="UTF-8"?>
<!-- Generated by org.testng.reporters.JUnitReportReporter -->
<testsuite hostname="DESKTOP-C4CLAPK" failures="0" tests="9" name="com.cdms.testcase.CafeteriaInputFields" time="14.279" errors="0" timestamp="2023-08-26T10:03:04 IST" skipped="0">
  <testcase classname="com.cdms.testcase.CafeteriaInputFields" name="Login" time="2.588"/>
  <testcase classname="com.cdms.testcase.CafeteriaInputFields" name="checkCafeteriaTopics" time="1.307"/>
  <testcase classname="com.cdms.testcase.CafeteriaInputFields" name="cafeteriaListinForm" time="2.988"/>
  <testcase classname="com.cdms.testcase.CafeteriaInputFields" name="groupDiscussionForm" time="0.398"/>
  <testcase classname="com.cdms.testcase.CafeteriaInputFields" name="DebatesForm" time="0.249"/>
  <testcase classname="com.cdms.testcase.CafeteriaInputFields" name="GVTopics" time="1.989"/>
  <testcase classname="com.cdms.testcase.CafeteriaInputFields" name="GVForm" time="2.167"/>
  <testcase classname="com.cdms.testcase.CafeteriaInputFields" name="posterForm" time="1.249"/>
  <testcase classname="com.cdms.testcase.CafeteriaInputFields" name="PodcastForm" time="1.344">
    <system-out>
      <![CDATA[Podcast validation is started
Audio option found
Video option found option found
Title option found
Description option found
Thumbnail option found
FileInput option found
Create btu option found]]>
    </system-out>
  </testcase> <!-- PodcastForm -->
  <system-out>
    <![CDATA[Podcast validation is started
Audio option found
Video option found option found
Title option found
Description option found
Thumbnail option found
FileInput option found
Create btu option found]]>
  </system-out>
</testsuite> <!-- com.cdms.testcase.CafeteriaInputFields -->
