<?xml version="1.0" encoding="UTF-8"?>
<!-- Generated by org.testng.reporters.JUnitReportReporter -->
<testsuite hostname="DESKTOP-C4CLAPK" failures="0" tests="1" name="com.cdms.testcase.BaseClass" time="4.174" errors="0" timestamp="2023-08-07T10:29:07 IST" skipped="0">
  <testcase classname="com.cdms.testcase.BaseClass" name="setup" time="4.174"/>
</testsuite> <!-- com.cdms.testcase.BaseClass -->
