<?xml version="1.0" encoding="UTF-8"?>
<!-- Generated by org.testng.reporters.JUnitReportReporter -->
<testsuite hostname="DESKTOP-C4CLAPK" failures="0" tests="2" name="com.cdms.testcase.LoginTest" time="4.369" errors="0" timestamp="2023-08-26T10:03:04 IST" skipped="0">
  <testcase classname="com.cdms.testcase.LoginTest" name="loginTest" time="4.291"/>
  <testcase classname="com.cdms.testcase.LoginTest" name="roleTest" time="0.078"/>
  <system-out>
    <![CDATA[Podcast validation is started
Audio option found
Video option found option found
Title option found
Description option found
Thumbnail option found
FileInput option found
Create btu option found]]>
  </system-out>
</testsuite> <!-- com.cdms.testcase.LoginTest -->
